<?xml version="1.0" encoding="UTF-8"?>
<testsuite name="Gradle Test Executor 2" tests="1" skipped="0" failures="1" errors="0" timestamp="2025-03-16T10:52:52.526Z" hostname="192.168.1.8" time="0.375">
  <properties/>
  <testcase name="failed to execute tests" classname="Gradle Test Executor 2" time="0.375">
    <failure message="org.gradle.api.internal.tasks.testing.TestSuiteExecutionException: Could not complete execution for Gradle Test Executor 2." type="org.gradle.api.internal.tasks.testing.TestSuiteExecutionException">org.gradle.api.internal.tasks.testing.TestSuiteExecutionException: Could not complete execution for Gradle Test Executor 2.
	at org.gradle.api.internal.tasks.testing.SuiteTestClassProcessor.stop(SuiteTestClassProcessor.java:65)
	at java.base@18.0.2.1/jdk.internal.reflect.DirectMethodHandleAccessor.invoke(DirectMethodHandleAccessor.java:104)
	at java.base@18.0.2.1/java.lang.reflect.Method.invoke(Method.java:577)
	at org.gradle.internal.dispatch.ReflectionDispatch.dispatch(ReflectionDispatch.java:36)
	at org.gradle.internal.dispatch.ReflectionDispatch.dispatch(ReflectionDispatch.java:24)
	at org.gradle.internal.dispatch.ContextClassLoaderDispatch.dispatch(ContextClassLoaderDispatch.java:33)
	at org.gradle.internal.dispatch.ProxyDispatchAdapter$DispatchingInvocationHandler.invoke(ProxyDispatchAdapter.java:92)
	at jdk.proxy1/jdk.proxy1.$Proxy4.stop(Unknown Source)
	at org.gradle.api.internal.tasks.testing.worker.TestWorker$3.run(TestWorker.java:200)
	at org.gradle.api.internal.tasks.testing.worker.TestWorker.executeAndMaintainThreadName(TestWorker.java:132)
	at org.gradle.api.internal.tasks.testing.worker.TestWorker.execute(TestWorker.java:103)
	at org.gradle.api.internal.tasks.testing.worker.TestWorker.execute(TestWorker.java:63)
	at org.gradle.process.internal.worker.child.ActionExecutionWorker.execute(ActionExecutionWorker.java:56)
	at org.gradle.process.internal.worker.child.SystemApplicationClassLoaderWorker.call(SystemApplicationClassLoaderWorker.java:121)
	at org.gradle.process.internal.worker.child.SystemApplicationClassLoaderWorker.call(SystemApplicationClassLoaderWorker.java:71)
	at app//worker.org.gradle.process.internal.worker.GradleWorkerMain.run(GradleWorkerMain.java:69)
	at app//worker.org.gradle.process.internal.worker.GradleWorkerMain.main(GradleWorkerMain.java:74)
Caused by: org.testng.TestNGException: 
Cannot instantiate class core.itest.CondBindingTest
	at app//org.testng.internal.ObjectFactoryImpl.newInstance(ObjectFactoryImpl.java:37)
	at app//org.testng.internal.ClassHelper.createInstance1(ClassHelper.java:362)
	at app//org.testng.internal.ClassHelper.createInstance(ClassHelper.java:274)
	at app//org.testng.internal.ClassImpl.getDefaultInstance(ClassImpl.java:109)
	at app//org.testng.internal.ClassImpl.getInstances(ClassImpl.java:183)
	at app//org.testng.internal.TestNGClassFinder.&lt;init&gt;(TestNGClassFinder.java:120)
	at app//org.testng.TestRunner.initMethods(TestRunner.java:394)
	at app//org.testng.TestRunner.init(TestRunner.java:228)
	at app//org.testng.TestRunner.init(TestRunner.java:198)
	at app//org.testng.TestRunner.&lt;init&gt;(TestRunner.java:147)
	at app//org.testng.SuiteRunner$DefaultTestRunnerFactory.newTestRunner(SuiteRunner.java:508)
	at app//org.testng.SuiteRunner.init(SuiteRunner.java:142)
	at app//org.testng.SuiteRunner.&lt;init&gt;(SuiteRunner.java:106)
	at app//org.testng.TestNG.createSuiteRunner(TestNG.java:1116)
	at app//org.testng.TestNG.createSuiteRunners(TestNG.java:1103)
	at app//org.testng.TestNG.runSuitesLocally(TestNG.java:955)
	at app//org.testng.TestNG.run(TestNG.java:900)
	at org.gradle.api.internal.tasks.testing.testng.TestNGTestClassProcessor.runTests(TestNGTestClassProcessor.java:153)
	at org.gradle.api.internal.tasks.testing.testng.TestNGTestClassProcessor.stop(TestNGTestClassProcessor.java:95)
	at org.gradle.api.internal.tasks.testing.SuiteTestClassProcessor.stop(SuiteTestClassProcessor.java:63)
	... 16 more
Caused by: java.lang.reflect.InvocationTargetException
	at java.base/jdk.internal.reflect.DirectConstructorHandleAccessor.newInstance(DirectConstructorHandleAccessor.java:79)
	at java.base/java.lang.reflect.Constructor.newInstanceWithCaller(Constructor.java:499)
	at java.base/java.lang.reflect.Constructor.newInstance(Constructor.java:483)
	at org.testng.internal.ObjectFactoryImpl.newInstance(ObjectFactoryImpl.java:28)
	... 35 more
Caused by: java.lang.ExceptionInInitializerError
	at org.codehaus.groovy.reflection.ClassInfo.getMetaClassUnderLock(ClassInfo.java:152)
	at org.codehaus.groovy.reflection.ClassInfo.getMetaClass(ClassInfo.java:182)
	at core.itest.CondBindingTest.$getStaticMetaClass(CondBindingTest.groovy)
	at core.itest.CondBindingTest.&lt;init&gt;(CondBindingTest.groovy:20)
	at java.base/jdk.internal.reflect.DirectConstructorHandleAccessor.newInstance(DirectConstructorHandleAccessor.java:67)
	... 38 more
Caused by: groovy.lang.GroovyRuntimeException: Failed to register the DGM methods : java.lang.reflect.InaccessibleObjectException: Unable to make protected void java.lang.Object.finalize() throws java.lang.Throwable accessible: module java.base does not &quot;opens java.lang&quot; to unnamed module @346c1a55
	at org.codehaus.groovy.runtime.metaclass.MetaClassRegistryImpl.registerMethods(MetaClassRegistryImpl.java:163)
	at org.codehaus.groovy.runtime.metaclass.MetaClassRegistryImpl.&lt;init&gt;(MetaClassRegistryImpl.java:81)
	at org.codehaus.groovy.runtime.metaclass.MetaClassRegistryImpl.&lt;init&gt;(MetaClassRegistryImpl.java:59)
	at groovy.lang.GroovySystem.&lt;clinit&gt;(GroovySystem.java:29)
	... 43 more
Caused by: java.lang.reflect.InaccessibleObjectException: Unable to make protected void java.lang.Object.finalize() throws java.lang.Throwable accessible: module java.base does not &quot;opens java.lang&quot; to unnamed module @346c1a55
	at java.base/java.lang.reflect.AccessibleObject.checkCanSetAccessible(AccessibleObject.java:354)
	at java.base/java.lang.reflect.AccessibleObject.checkCanSetAccessible(AccessibleObject.java:297)
	at java.base/java.lang.reflect.Method.checkCanSetAccessible(Method.java:200)
	at java.base/java.lang.reflect.AccessibleObject.setAccessible(AccessibleObject.java:130)
	at org.codehaus.groovy.reflection.CachedClass$3$1.run(CachedClass.java:85)
	at java.base/java.security.AccessController.doPrivileged(AccessController.java:318)
	at org.codehaus.groovy.reflection.CachedClass$3.initValue(CachedClass.java:80)
	at org.codehaus.groovy.reflection.CachedClass$3.initValue(CachedClass.java:78)
	at org.codehaus.groovy.util.LazyReference.getLocked(LazyReference.java:46)
	at org.codehaus.groovy.util.LazyReference.get(LazyReference.java:33)
	at org.codehaus.groovy.reflection.CachedClass.getMethods(CachedClass.java:249)
	at org.codehaus.groovy.reflection.CachedClass$3.initValue(CachedClass.java:115)
	at org.codehaus.groovy.reflection.CachedClass$3.initValue(CachedClass.java:78)
	at org.codehaus.groovy.util.LazyReference.getLocked(LazyReference.java:46)
	at org.codehaus.groovy.util.LazyReference.get(LazyReference.java:33)
	at org.codehaus.groovy.reflection.CachedClass.getMethods(CachedClass.java:249)
	at org.codehaus.groovy.reflection.CachedClass$3.initValue(CachedClass.java:115)
	at org.codehaus.groovy.reflection.CachedClass$3.initValue(CachedClass.java:78)
	at org.codehaus.groovy.util.LazyReference.getLocked(LazyReference.java:46)
	at org.codehaus.groovy.util.LazyReference.get(LazyReference.java:33)
	at org.codehaus.groovy.reflection.CachedClass.getMethods(CachedClass.java:249)
	at org.codehaus.groovy.reflection.stdclasses.CachedClosureClass.&lt;init&gt;(CachedClosureClass.java:29)
	at org.codehaus.groovy.reflection.ClassInfo.createCachedClass(ClassInfo.java:259)
	at org.codehaus.groovy.reflection.ClassInfo.access$400(ClassInfo.java:36)
	at org.codehaus.groovy.reflection.ClassInfo$LazyCachedClassRef.initValue(ClassInfo.java:425)
	at org.codehaus.groovy.reflection.ClassInfo$LazyCachedClassRef.initValue(ClassInfo.java:416)
	at org.codehaus.groovy.util.LazyReference.getLocked(LazyReference.java:46)
	at org.codehaus.groovy.util.LazyReference.get(LazyReference.java:33)
	at org.codehaus.groovy.reflection.ClassInfo.getCachedClass(ClassInfo.java:89)
	at org.codehaus.groovy.reflection.ReflectionCache.getCachedClass(ReflectionCache.java:107)
	at org.codehaus.groovy.runtime.metaclass.MetaClassRegistryImpl.registerMethods(MetaClassRegistryImpl.java:145)
	... 46 more
</failure>
  </testcase>
  <system-out><![CDATA[]]></system-out>
  <system-err><![CDATA[java.lang.reflect.InaccessibleObjectException: Unable to make protected void java.lang.Object.finalize() throws java.lang.Throwable accessible: module java.base does not "opens java.lang" to unnamed module @346c1a55
	at java.base/java.lang.reflect.AccessibleObject.checkCanSetAccessible(AccessibleObject.java:354)
	at java.base/java.lang.reflect.AccessibleObject.checkCanSetAccessible(AccessibleObject.java:297)
	at java.base/java.lang.reflect.Method.checkCanSetAccessible(Method.java:200)
	at java.base/java.lang.reflect.AccessibleObject.setAccessible(AccessibleObject.java:130)
	at org.codehaus.groovy.reflection.CachedClass$3$1.run(CachedClass.java:85)
	at java.base/java.security.AccessController.doPrivileged(AccessController.java:318)
	at org.codehaus.groovy.reflection.CachedClass$3.initValue(CachedClass.java:80)
	at org.codehaus.groovy.reflection.CachedClass$3.initValue(CachedClass.java:78)
	at org.codehaus.groovy.util.LazyReference.getLocked(LazyReference.java:46)
	at org.codehaus.groovy.util.LazyReference.get(LazyReference.java:33)
	at org.codehaus.groovy.reflection.CachedClass.getMethods(CachedClass.java:249)
	at org.codehaus.groovy.reflection.CachedClass$3.initValue(CachedClass.java:115)
	at org.codehaus.groovy.reflection.CachedClass$3.initValue(CachedClass.java:78)
	at org.codehaus.groovy.util.LazyReference.getLocked(LazyReference.java:46)
	at org.codehaus.groovy.util.LazyReference.get(LazyReference.java:33)
	at org.codehaus.groovy.reflection.CachedClass.getMethods(CachedClass.java:249)
	at org.codehaus.groovy.reflection.CachedClass$3.initValue(CachedClass.java:115)
	at org.codehaus.groovy.reflection.CachedClass$3.initValue(CachedClass.java:78)
	at org.codehaus.groovy.util.LazyReference.getLocked(LazyReference.java:46)
	at org.codehaus.groovy.util.LazyReference.get(LazyReference.java:33)
	at org.codehaus.groovy.reflection.CachedClass.getMethods(CachedClass.java:249)
	at org.codehaus.groovy.reflection.stdclasses.CachedClosureClass.<init>(CachedClosureClass.java:29)
	at org.codehaus.groovy.reflection.ClassInfo.createCachedClass(ClassInfo.java:259)
	at org.codehaus.groovy.reflection.ClassInfo.access$400(ClassInfo.java:36)
	at org.codehaus.groovy.reflection.ClassInfo$LazyCachedClassRef.initValue(ClassInfo.java:425)
	at org.codehaus.groovy.reflection.ClassInfo$LazyCachedClassRef.initValue(ClassInfo.java:416)
	at org.codehaus.groovy.util.LazyReference.getLocked(LazyReference.java:46)
	at org.codehaus.groovy.util.LazyReference.get(LazyReference.java:33)
	at org.codehaus.groovy.reflection.ClassInfo.getCachedClass(ClassInfo.java:89)
	at org.codehaus.groovy.reflection.ReflectionCache.getCachedClass(ReflectionCache.java:107)
	at org.codehaus.groovy.runtime.metaclass.MetaClassRegistryImpl.registerMethods(MetaClassRegistryImpl.java:145)
	at org.codehaus.groovy.runtime.metaclass.MetaClassRegistryImpl.<init>(MetaClassRegistryImpl.java:81)
	at org.codehaus.groovy.runtime.metaclass.MetaClassRegistryImpl.<init>(MetaClassRegistryImpl.java:59)
	at groovy.lang.GroovySystem.<clinit>(GroovySystem.java:29)
	at org.codehaus.groovy.reflection.ClassInfo.getMetaClassUnderLock(ClassInfo.java:152)
	at org.codehaus.groovy.reflection.ClassInfo.getMetaClass(ClassInfo.java:182)
	at core.itest.CondBindingTest.$getStaticMetaClass(CondBindingTest.groovy)
	at core.itest.CondBindingTest.<init>(CondBindingTest.groovy:20)
	at java.base/jdk.internal.reflect.DirectConstructorHandleAccessor.newInstance(DirectConstructorHandleAccessor.java:67)
	at java.base/java.lang.reflect.Constructor.newInstanceWithCaller(Constructor.java:499)
	at java.base/java.lang.reflect.Constructor.newInstance(Constructor.java:483)
	at org.testng.internal.ObjectFactoryImpl.newInstance(ObjectFactoryImpl.java:28)
	at org.testng.internal.ClassHelper.createInstance1(ClassHelper.java:362)
	at org.testng.internal.ClassHelper.createInstance(ClassHelper.java:274)
	at org.testng.internal.ClassImpl.getDefaultInstance(ClassImpl.java:109)
	at org.testng.internal.ClassImpl.getInstances(ClassImpl.java:183)
	at org.testng.internal.TestNGClassFinder.<init>(TestNGClassFinder.java:120)
	at org.testng.TestRunner.initMethods(TestRunner.java:394)
	at org.testng.TestRunner.init(TestRunner.java:228)
	at org.testng.TestRunner.init(TestRunner.java:198)
	at org.testng.TestRunner.<init>(TestRunner.java:147)
	at org.testng.SuiteRunner$DefaultTestRunnerFactory.newTestRunner(SuiteRunner.java:508)
	at org.testng.SuiteRunner.init(SuiteRunner.java:142)
	at org.testng.SuiteRunner.<init>(SuiteRunner.java:106)
	at org.testng.TestNG.createSuiteRunner(TestNG.java:1116)
	at org.testng.TestNG.createSuiteRunners(TestNG.java:1103)
	at org.testng.TestNG.runSuitesLocally(TestNG.java:955)
	at org.testng.TestNG.run(TestNG.java:900)
	at org.gradle.api.internal.tasks.testing.testng.TestNGTestClassProcessor.runTests(TestNGTestClassProcessor.java:153)
	at org.gradle.api.internal.tasks.testing.testng.TestNGTestClassProcessor.stop(TestNGTestClassProcessor.java:95)
	at org.gradle.api.internal.tasks.testing.SuiteTestClassProcessor.stop(SuiteTestClassProcessor.java:63)
	at java.base/jdk.internal.reflect.DirectMethodHandleAccessor.invoke(DirectMethodHandleAccessor.java:104)
	at java.base/java.lang.reflect.Method.invoke(Method.java:577)
	at org.gradle.internal.dispatch.ReflectionDispatch.dispatch(ReflectionDispatch.java:36)
	at org.gradle.internal.dispatch.ReflectionDispatch.dispatch(ReflectionDispatch.java:24)
	at org.gradle.internal.dispatch.ContextClassLoaderDispatch.dispatch(ContextClassLoaderDispatch.java:33)
	at org.gradle.internal.dispatch.ProxyDispatchAdapter$DispatchingInvocationHandler.invoke(ProxyDispatchAdapter.java:92)
	at jdk.proxy1/jdk.proxy1.$Proxy4.stop(Unknown Source)
	at org.gradle.api.internal.tasks.testing.worker.TestWorker$3.run(TestWorker.java:200)
	at org.gradle.api.internal.tasks.testing.worker.TestWorker.executeAndMaintainThreadName(TestWorker.java:132)
	at org.gradle.api.internal.tasks.testing.worker.TestWorker.execute(TestWorker.java:103)
	at org.gradle.api.internal.tasks.testing.worker.TestWorker.execute(TestWorker.java:63)
	at org.gradle.process.internal.worker.child.ActionExecutionWorker.execute(ActionExecutionWorker.java:56)
	at org.gradle.process.internal.worker.child.SystemApplicationClassLoaderWorker.call(SystemApplicationClassLoaderWorker.java:121)
	at org.gradle.process.internal.worker.child.SystemApplicationClassLoaderWorker.call(SystemApplicationClassLoaderWorker.java:71)
	at worker.org.gradle.process.internal.worker.GradleWorkerMain.run(GradleWorkerMain.java:69)
	at worker.org.gradle.process.internal.worker.GradleWorkerMain.main(GradleWorkerMain.java:74)
]]></system-err>
</testsuite>
